<?xml version="1.0" encoding="UTF-8"?>
<!-- Generated by org.testng.reporters.JUnitReportReporter -->
<testsuite hostname="C_Name" failures="0" tests="1" name="org.honeywell.Trace.utility.Utility" time="41.239" errors="0" timestamp="2022-01-18T12:41:26 IST" skipped="0">
  <testcase classname="org.honeywell.Trace.utility.Utility" name="runTest" time="41.239"/>
  <system-out/>
</testsuite> <!-- org.honeywell.Trace.utility.Utility -->
