<?xml version="1.0" encoding="UTF-8"?>
<!-- Generated by org.testng.reporters.JUnitReportReporter -->
<testsuite hostname="C_Name" failures="0" tests="1" name="org.honeywell.Trace.driver.DriverScript" time="47.596" errors="0" timestamp="2022-02-13T13:14:45 IST" skipped="0">
  <testcase classname="org.honeywell.Trace.driver.DriverScript" name="runTest" time="47.596"/>
  <system-out>
    <![CDATA[switched to the parent window
switched to the parent window]]>
  </system-out>
</testsuite> <!-- org.honeywell.Trace.driver.DriverScript -->
